<?xml version="1.0" encoding="UTF-8"?>
<testsuite xmlns:xsi="http://www.w3.org/2001/XMLSchema-instance" xsi:noNamespaceSchemaLocation="https://maven.apache.org/surefire/maven-surefire-plugin/xsd/surefire-test-report.xsd" name="com.itheima.service.UserServiceTest" time="0.526" tests="2" errors="1" skipped="0" failures="0">
  <properties>
[...]
</properties>
  <testcase name="saveUser" classname="com.itheima.service.UserServiceTest" time="0.494">
    <error message="/ by zero" type="java.lang.ArithmeticException">java.lang.ArithmeticException: / by zero
	at com.itheima.service.UserServiceTest.saveUser(UserServiceTest.java:34)
</error>
    <system-out><![CDATA[2019-06-11 12:56:07.291  INFO 11108 --- [           main] .b.t.c.SpringBootTestContextBootstrapper : Neither @ContextConfiguration nor @ContextHierarchy found for test class [com.itheima.service.UserServiceTest], using SpringBootContextLoader
2019-06-11 12:56:07.291  INFO 11108 --- [           main] o.s.t.c.support.AbstractContextLoader    : Could not detect default resource locations for test class [com.itheima.service.UserServiceTest]: no resource found for suffixes {-context.xml, Context.groovy}.
2019-06-11 12:56:07.292  INFO 11108 --- [           main] t.c.s.AnnotationConfigContextLoaderUtils : Could not detect default configuration classes for test class [com.itheima.service.UserServiceTest]: UserServiceTest does not declare any static, non-private, non-final, nested classes annotated with @Configuration.
2019-06-11 12:56:07.298  INFO 11108 --- [           main] .b.t.c.SpringBootTestContextBootstrapper : Found @SpringBootConfiguration com.itheima.Application for test class com.itheima.service.UserServiceTest
2019-06-11 12:56:07.299  INFO 11108 --- [           main] .b.t.c.SpringBootTestContextBootstrapper : Loaded default TestExecutionListener class names from location [META-INF/spring.factories]: [org.springframework.boot.test.mock.mockito.MockitoTestExecutionListener, org.springframework.boot.test.mock.mockito.ResetMocksTestExecutionListener, org.springframework.boot.test.autoconfigure.restdocs.RestDocsTestExecutionListener, org.springframework.boot.test.autoconfigure.web.client.MockRestServiceServerResetTestExecutionListener, org.springframework.boot.test.autoconfigure.web.servlet.MockMvcPrintOnlyOnFailureTestExecutionListener, org.springframework.boot.test.autoconfigure.web.servlet.WebDriverTestExecutionListener, org.springframework.test.context.web.ServletTestExecutionListener, org.springframework.test.context.support.DirtiesContextBeforeModesTestExecutionListener, org.springframework.test.context.support.DependencyInjectionTestExecutionListener, org.springframework.test.context.support.DirtiesContextTestExecutionListener, org.springframework.test.context.transaction.TransactionalTestExecutionListener, org.springframework.test.context.jdbc.SqlScriptsTestExecutionListener]
2019-06-11 12:56:07.299  INFO 11108 --- [           main] .b.t.c.SpringBootTestContextBootstrapper : Using TestExecutionListeners: [org.springframework.test.context.web.ServletTestExecutionListener@7675c171, org.springframework.test.context.support.DirtiesContextBeforeModesTestExecutionListener@44e4cb76, org.springframework.boot.test.mock.mockito.MockitoTestExecutionListener@51cab489, org.springframework.boot.test.autoconfigure.SpringBootDependencyInjectionTestExecutionListener@2f9a10df, org.springframework.test.context.support.DirtiesContextTestExecutionListener@773c2214, org.springframework.test.context.transaction.TransactionalTestExecutionListener@15e1f8fe, org.springframework.test.context.jdbc.SqlScriptsTestExecutionListener@110b7837, org.springframework.boot.test.mock.mockito.ResetMocksTestExecutionListener@6ee88e21, org.springframework.boot.test.autoconfigure.restdocs.RestDocsTestExecutionListener@78d23d6a, org.springframework.boot.test.autoconfigure.web.client.MockRestServiceServerResetTestExecutionListener@626e0c86, org.springframework.boot.test.autoconfigure.web.servlet.MockMvcPrintOnlyOnFailureTestExecutionListener@28ee0a3c, org.springframework.boot.test.autoconfigure.web.servlet.WebDriverTestExecutionListener@2dd1086]
2019-06-11 12:56:07.314  INFO 11108 --- [           main] com.zaxxer.hikari.HikariDataSource       : HikariPool-1 - Starting...
2019-06-11 12:56:07.600  INFO 11108 --- [           main] com.zaxxer.hikari.HikariDataSource       : HikariPool-1 - Start completed.
新增用户... 
Creating a new SqlSession
Registering transaction synchronization for SqlSession [org.apache.ibatis.session.defaults.DefaultSqlSession@626b639e]
JDBC Connection [HikariProxyConnection@2053491093 wrapping com.mysql.jdbc.JDBC4Connection@7c950b3b] will be managed by Spring
==>  Preparing: INSERT INTO tb_user ( id,user_name,password,name,age,sex,created ) VALUES( ?,?,?,?,?,?,? ) 
==> Parameters: null, test2(String), 123456(String), test2(String), 13(Integer), 1(Integer), 2019-06-11 12:56:07.306(Timestamp)
<==    Updates: 1
Releasing transactional SqlSession [org.apache.ibatis.session.defaults.DefaultSqlSession@626b639e]
Transaction synchronization deregistering SqlSession [org.apache.ibatis.session.defaults.DefaultSqlSession@626b639e]
Transaction synchronization closing SqlSession [org.apache.ibatis.session.defaults.DefaultSqlSession@626b639e]
]]></system-out>
  </testcase>
  <testcase name="queryById" classname="com.itheima.service.UserServiceTest" time="0.03"/>
</testsuite>